<?xml version="1.0" encoding="UTF-8"?>
<testsuite name="jettyServer.SearchResourceTest" tests="1" skipped="0" failures="0" errors="0" timestamp="2019-12-04T14:28:31" hostname="ip-192-168-0-245.ec2.internal" time="0.655">
  <properties/>
  <testcase name="run" classname="jettyServer.SearchResourceTest" time="0.655"/>
  <system-out><![CDATA[]]></system-out>
  <system-err><![CDATA[]]></system-err>
</testsuite>
